<?xml version="1.0" encoding="UTF-8" ?>
<testsuite failures="0" time="0.256" errors="0" skipped="0" tests="9" name="com.qeeka.test.parse.ParserTest">
  <properties>
[...]
</properties>
  <testcase time="0" classname="com.qeeka.test.parse.ParserTest" name="testLike"/>
  <testcase time="0" classname="com.qeeka.test.parse.ParserTest" name="testSimpleEquals"/>
  <testcase time="0" classname="com.qeeka.test.parse.ParserTest" name="tet2"/>
  <testcase time="0" classname="com.qeeka.test.parse.ParserTest" name="test3"/>
  <testcase time="0" classname="com.qeeka.test.parse.ParserTest" name="test4"/>
  <testcase time="0.001" classname="com.qeeka.test.parse.ParserTest" name="sampleTest"/>
  <testcase time="0.253" classname="com.qeeka.test.parse.ParserTest" name="parametersTransaction"/>
  <testcase time="0" classname="com.qeeka.test.parse.ParserTest" name="testSimpleColumnParameters"/>
  <testcase time="0.001" classname="com.qeeka.test.parse.ParserTest" name="testJsonTransaction"/>
</testsuite>